2024-06-22 11:25:46 DEBUG TestNG:82 - suiteXmlPath: "H:\EclipseNewWorkspace\OpencartV121\grouping.xml"
2024-06-22 11:25:46 INFO  Utils:112 - [TestNG] Running:
  H:\EclipseNewWorkspace\OpencartV121\grouping.xml

2024-06-22 11:26:32 DEBUG TestNG:82 - suiteXmlPath: "H:\EclipseNewWorkspace\OpencartV121\grouping.xml"
2024-06-22 11:26:32 INFO  Utils:112 - [TestNG] Running:
  H:\EclipseNewWorkspace\OpencartV121\grouping.xml

2024-06-22 11:26:39 INFO  TC001_AccountRegistrationTest:15 - ************************starting verify_account_registration******
2024-06-22 11:26:39 INFO  TC001_AccountRegistrationTest:22 - clicked on my account link
2024-06-22 11:26:39 INFO  TC001_AccountRegistrationTest:26 - clciked on register link
2024-06-22 11:26:39 INFO  TC001_AccountRegistrationTest:33 - inputting customer details
2024-06-22 11:26:42 INFO  TC001_AccountRegistrationTest:46 - validating expected message
2024-06-22 11:26:42 INFO  TC001_AccountRegistrationTest:65 - ************************completed verify_account_registration******
2024-06-22 11:26:45 INFO  TC002_LoginTest:15 - ********starting TC002_ Login test****************
2024-06-22 11:26:47 INFO  TC002_LoginTest:45 - ********finished TC002_ Login test****************
2024-06-22 11:27:08 DEBUG TestNG:82 - suiteXmlPath: "H:\EclipseNewWorkspace\OpencartV121\grouping.xml"
2024-06-22 11:27:08 INFO  Utils:112 - [TestNG] Running:
  H:\EclipseNewWorkspace\OpencartV121\grouping.xml

2024-06-22 11:27:13 INFO  TC001_AccountRegistrationTest:15 - ************************starting verify_account_registration******
2024-06-22 11:27:13 INFO  TC001_AccountRegistrationTest:22 - clicked on my account link
2024-06-22 11:27:13 INFO  TC001_AccountRegistrationTest:26 - clciked on register link
2024-06-22 11:27:13 INFO  TC001_AccountRegistrationTest:33 - inputting customer details
2024-06-22 11:27:15 INFO  TC001_AccountRegistrationTest:46 - validating expected message
2024-06-22 11:27:15 INFO  TC001_AccountRegistrationTest:65 - ************************completed verify_account_registration******
2024-06-22 11:27:19 INFO  TC002_LoginTest:15 - ********starting TC002_ Login test****************
2024-06-22 11:27:21 INFO  TC002_LoginTest:45 - ********finished TC002_ Login test****************
2024-06-22 12:01:23 DEBUG TestNG:82 - suiteXmlPath: "H:\EclipseNewWorkspace\OpencartV121\master.xml"
2024-06-22 12:01:23 INFO  Utils:112 - [TestNG] Running:
  H:\EclipseNewWorkspace\OpencartV121\master.xml

2024-06-22 12:01:32 DEBUG PackageRelationshipCollection:307 - Parsing relationship: /xl/_rels/workbook.xml.rels
2024-06-22 12:01:32 DEBUG PackageRelationshipCollection:307 - Parsing relationship: /xl/worksheets/_rels/sheet1.xml.rels
2024-06-22 12:01:32 DEBUG PackageRelationshipCollection:307 - Parsing relationship: /_rels/.rels
2024-06-22 12:01:33 DEBUG PackageRelationshipCollection:307 - Parsing relationship: /xl/_rels/workbook.xml.rels
2024-06-22 12:01:33 DEBUG PackageRelationshipCollection:307 - Parsing relationship: /xl/worksheets/_rels/sheet1.xml.rels
2024-06-22 12:01:33 DEBUG PackageRelationshipCollection:307 - Parsing relationship: /_rels/.rels
2024-06-22 12:01:33 DEBUG PackageRelationshipCollection:307 - Parsing relationship: /xl/_rels/workbook.xml.rels
2024-06-22 12:01:33 DEBUG PackageRelationshipCollection:307 - Parsing relationship: /xl/worksheets/_rels/sheet1.xml.rels
2024-06-22 12:01:33 DEBUG PackageRelationshipCollection:307 - Parsing relationship: /_rels/.rels
2024-06-22 12:01:33 DEBUG PackageRelationshipCollection:307 - Parsing relationship: /xl/_rels/workbook.xml.rels
2024-06-22 12:01:33 DEBUG PackageRelationshipCollection:307 - Parsing relationship: /xl/worksheets/_rels/sheet1.xml.rels
2024-06-22 12:01:33 DEBUG PackageRelationshipCollection:307 - Parsing relationship: /_rels/.rels
2024-06-22 12:01:33 DEBUG PackageRelationshipCollection:307 - Parsing relationship: /xl/_rels/workbook.xml.rels
2024-06-22 12:01:33 DEBUG PackageRelationshipCollection:307 - Parsing relationship: /xl/worksheets/_rels/sheet1.xml.rels
2024-06-22 12:01:33 DEBUG PackageRelationshipCollection:307 - Parsing relationship: /_rels/.rels
2024-06-22 12:01:33 DEBUG PackageRelationshipCollection:307 - Parsing relationship: /xl/_rels/workbook.xml.rels
2024-06-22 12:01:33 DEBUG PackageRelationshipCollection:307 - Parsing relationship: /xl/worksheets/_rels/sheet1.xml.rels
2024-06-22 12:01:33 DEBUG PackageRelationshipCollection:307 - Parsing relationship: /_rels/.rels
2024-06-22 12:01:34 DEBUG PackageRelationshipCollection:307 - Parsing relationship: /xl/_rels/workbook.xml.rels
2024-06-22 12:01:34 DEBUG PackageRelationshipCollection:307 - Parsing relationship: /xl/worksheets/_rels/sheet1.xml.rels
2024-06-22 12:01:34 DEBUG PackageRelationshipCollection:307 - Parsing relationship: /_rels/.rels
2024-06-22 12:01:34 DEBUG PackageRelationshipCollection:307 - Parsing relationship: /xl/_rels/workbook.xml.rels
2024-06-22 12:01:34 DEBUG PackageRelationshipCollection:307 - Parsing relationship: /xl/worksheets/_rels/sheet1.xml.rels
2024-06-22 12:01:34 DEBUG PackageRelationshipCollection:307 - Parsing relationship: /_rels/.rels
2024-06-22 12:01:34 DEBUG PackageRelationshipCollection:307 - Parsing relationship: /xl/_rels/workbook.xml.rels
2024-06-22 12:01:34 DEBUG PackageRelationshipCollection:307 - Parsing relationship: /xl/worksheets/_rels/sheet1.xml.rels
2024-06-22 12:01:34 DEBUG PackageRelationshipCollection:307 - Parsing relationship: /_rels/.rels
2024-06-22 12:01:34 DEBUG PackageRelationshipCollection:307 - Parsing relationship: /xl/_rels/workbook.xml.rels
2024-06-22 12:01:34 DEBUG PackageRelationshipCollection:307 - Parsing relationship: /xl/worksheets/_rels/sheet1.xml.rels
2024-06-22 12:01:34 DEBUG PackageRelationshipCollection:307 - Parsing relationship: /_rels/.rels
2024-06-22 12:01:34 DEBUG PackageRelationshipCollection:307 - Parsing relationship: /xl/_rels/workbook.xml.rels
2024-06-22 12:01:34 DEBUG PackageRelationshipCollection:307 - Parsing relationship: /xl/worksheets/_rels/sheet1.xml.rels
2024-06-22 12:01:34 DEBUG PackageRelationshipCollection:307 - Parsing relationship: /_rels/.rels
2024-06-22 12:01:34 DEBUG PackageRelationshipCollection:307 - Parsing relationship: /xl/_rels/workbook.xml.rels
2024-06-22 12:01:34 DEBUG PackageRelationshipCollection:307 - Parsing relationship: /xl/worksheets/_rels/sheet1.xml.rels
2024-06-22 12:01:34 DEBUG PackageRelationshipCollection:307 - Parsing relationship: /_rels/.rels
2024-06-22 12:01:34 DEBUG PackageRelationshipCollection:307 - Parsing relationship: /xl/_rels/workbook.xml.rels
2024-06-22 12:01:34 DEBUG PackageRelationshipCollection:307 - Parsing relationship: /xl/worksheets/_rels/sheet1.xml.rels
2024-06-22 12:01:34 DEBUG PackageRelationshipCollection:307 - Parsing relationship: /_rels/.rels
2024-06-22 12:01:34 DEBUG PackageRelationshipCollection:307 - Parsing relationship: /xl/_rels/workbook.xml.rels
2024-06-22 12:01:34 DEBUG PackageRelationshipCollection:307 - Parsing relationship: /xl/worksheets/_rels/sheet1.xml.rels
2024-06-22 12:01:34 DEBUG PackageRelationshipCollection:307 - Parsing relationship: /_rels/.rels
2024-06-22 12:01:34 INFO  TC003_LoginDDT:17 - *******starting TC003 DDT Login************
2024-06-22 12:01:37 INFO  TC003_LoginDDT:65 - *******finished TC003 DDT Login************
2024-06-22 12:01:37 INFO  TC003_LoginDDT:17 - *******starting TC003 DDT Login************
2024-06-22 12:01:48 INFO  TC003_LoginDDT:65 - *******finished TC003 DDT Login************
2024-06-22 12:01:48 INFO  TC003_LoginDDT:17 - *******starting TC003 DDT Login************
2024-06-22 12:02:00 INFO  TC003_LoginDDT:65 - *******finished TC003 DDT Login************
2024-06-22 12:02:00 INFO  TC003_LoginDDT:17 - *******starting TC003 DDT Login************
2024-06-22 12:02:11 INFO  TC003_LoginDDT:65 - *******finished TC003 DDT Login************
2024-06-22 12:10:11 DEBUG TestNG:82 - suiteXmlPath: "H:\EclipseNewWorkspace\OpencartV121\master.xml"
2024-06-22 12:10:12 INFO  Utils:112 - [TestNG] Running:
  H:\EclipseNewWorkspace\OpencartV121\master.xml

2024-06-22 12:10:19 INFO  TC001_AccountRegistrationTest:15 - ************************starting verify_account_registration******
2024-06-22 12:10:19 INFO  TC001_AccountRegistrationTest:22 - clicked on my account link
2024-06-22 12:10:20 INFO  TC001_AccountRegistrationTest:26 - clciked on register link
2024-06-22 12:10:20 INFO  TC001_AccountRegistrationTest:33 - inputting customer details
2024-06-22 12:10:22 INFO  TC001_AccountRegistrationTest:46 - validating expected message
2024-06-22 12:10:22 INFO  TC001_AccountRegistrationTest:65 - ************************completed verify_account_registration******
2024-06-22 12:10:27 INFO  TC002_LoginTest:15 - ********starting TC002_ Login test****************
2024-06-22 12:11:41 DEBUG TestNG:82 - suiteXmlPath: "H:\EclipseNewWorkspace\OpencartV121\test-output\testng-failed.xml"
2024-06-22 12:11:41 INFO  Utils:112 - [TestNG] Running:
  H:\EclipseNewWorkspace\OpencartV121\test-output\testng-failed.xml

2024-06-22 12:11:49 INFO  TC002_LoginTest:15 - ********starting TC002_ Login test****************
2024-06-22 12:11:51 INFO  TC002_LoginTest:45 - ********finished TC002_ Login test****************
2024-06-22 12:51:21 DEBUG TestNG:82 - suiteXmlPath: "H:\EclipseNewWorkspace\OpencartV121\master.xml"
2024-06-22 12:51:23 INFO  Utils:112 - [TestNG] Running:
  H:\EclipseNewWorkspace\OpencartV121\master.xml

2024-06-22 12:53:36 DEBUG TestNG:82 - suiteXmlPath: "H:\EclipseNewWorkspace\OpencartV121\master.xml"
2024-06-22 12:53:37 INFO  Utils:112 - [TestNG] Running:
  H:\EclipseNewWorkspace\OpencartV121\master.xml

2024-06-22 12:55:17 DEBUG TestNG:82 - suiteXmlPath: "H:\EclipseNewWorkspace\OpencartV121\master.xml"
2024-06-22 12:55:17 INFO  Utils:112 - [TestNG] Running:
  H:\EclipseNewWorkspace\OpencartV121\master.xml

2024-06-22 12:58:48 DEBUG TestNG:82 - suiteXmlPath: "H:\EclipseNewWorkspace\OpencartV121\master.xml"
2024-06-22 12:58:48 INFO  Utils:112 - [TestNG] Running:
  H:\EclipseNewWorkspace\OpencartV121\master.xml

2024-06-22 12:59:57 DEBUG TestNG:82 - suiteXmlPath: "H:\EclipseNewWorkspace\OpencartV121\master.xml"
2024-06-22 12:59:58 INFO  Utils:112 - [TestNG] Running:
  H:\EclipseNewWorkspace\OpencartV121\master.xml

2024-06-22 13:02:36 DEBUG TestNG:82 - suiteXmlPath: "H:\EclipseNewWorkspace\OpencartV121\master.xml"
2024-06-22 13:02:36 INFO  Utils:112 - [TestNG] Running:
  H:\EclipseNewWorkspace\OpencartV121\master.xml

2024-06-22 13:04:10 DEBUG TestNG:82 - suiteXmlPath: "H:\EclipseNewWorkspace\OpencartV121\master.xml"
2024-06-22 13:04:11 INFO  Utils:112 - [TestNG] Running:
  H:\EclipseNewWorkspace\OpencartV121\master.xml

2024-06-22 13:04:53 DEBUG TestNG:82 - suiteXmlPath: "H:\EclipseNewWorkspace\OpencartV121\master.xml"
2024-06-22 13:04:54 INFO  Utils:112 - [TestNG] Running:
  H:\EclipseNewWorkspace\OpencartV121\master.xml

2024-06-22 13:06:16 DEBUG TestNG:82 - suiteXmlPath: "H:\EclipseNewWorkspace\OpencartV121\grouping.xml"
2024-06-22 13:06:16 INFO  Utils:112 - [TestNG] Running:
  H:\EclipseNewWorkspace\OpencartV121\grouping.xml

2024-06-22 13:09:14 DEBUG TestNG:82 - suiteXmlPath: "H:\EclipseNewWorkspace\OpencartV121\src\test\java\testCases\testng.xml"
2024-06-22 13:09:16 INFO  Utils:112 - [TestNG] Running:
  H:\EclipseNewWorkspace\OpencartV121\src\test\java\testCases\testng.xml

2024-06-22 13:10:21 DEBUG TestNG:82 - suiteXmlPath: "H:\EclipseNewWorkspace\OpencartV121\master.xml"
2024-06-22 13:10:22 INFO  Utils:112 - [TestNG] Running:
  H:\EclipseNewWorkspace\OpencartV121\master.xml

2024-06-22 13:11:43 DEBUG TestNG:82 - suiteXmlPath: "H:\EclipseNewWorkspace\OpencartV121\master.xml"
2024-06-22 13:11:43 INFO  Utils:112 - [TestNG] Running:
  H:\EclipseNewWorkspace\OpencartV121\master.xml

2024-06-22 13:15:26 DEBUG TestNG:82 - suiteXmlPath: "H:\EclipseNewWorkspace\OpencartV121\master.xml"
2024-06-22 13:15:27 INFO  Utils:112 - [TestNG] Running:
  H:\EclipseNewWorkspace\OpencartV121\master.xml

2024-06-22 13:21:23 DEBUG TestNG:82 - suiteXmlPath: "H:\EclipseNewWorkspace\OpencartV121\master.xml"
2024-06-22 13:21:24 INFO  Utils:112 - [TestNG] Running:
  H:\EclipseNewWorkspace\OpencartV121\master.xml

2024-06-22 13:21:59 DEBUG TestNG:82 - suiteXmlPath: "H:\EclipseNewWorkspace\OpencartV121\master.xml"
2024-06-22 13:22:00 INFO  Utils:112 - [TestNG] Running:
  H:\EclipseNewWorkspace\OpencartV121\master.xml

2024-06-22 14:35:09 DEBUG TestNG:82 - suiteXmlPath: "H:\EclipseNewWorkspace\OpencartV121\master.xml"
2024-06-22 14:35:09 INFO  Utils:112 - [TestNG] Running:
  H:\EclipseNewWorkspace\OpencartV121\master.xml

2024-06-22 14:36:12 DEBUG TestNG:82 - suiteXmlPath: "H:\EclipseNewWorkspace\OpencartV121\master.xml"
2024-06-22 14:36:13 INFO  Utils:112 - [TestNG] Running:
  H:\EclipseNewWorkspace\OpencartV121\master.xml

2024-06-22 14:36:21 INFO  TC001_AccountRegistrationTest:15 - ************************starting verify_account_registration******
2024-06-22 14:36:22 INFO  TC001_AccountRegistrationTest:22 - clicked on my account link
2024-06-22 14:36:23 INFO  TC001_AccountRegistrationTest:26 - clciked on register link
2024-06-22 14:36:23 INFO  TC001_AccountRegistrationTest:33 - inputting customer details
2024-06-22 14:36:30 INFO  TC002_LoginTest:15 - ********starting TC002_ Login test****************
2024-06-22 14:37:43 DEBUG TestNG:82 - suiteXmlPath: "H:\EclipseNewWorkspace\OpencartV121\master.xml"
2024-06-22 14:37:43 INFO  Utils:112 - [TestNG] Running:
  H:\EclipseNewWorkspace\OpencartV121\master.xml

2024-06-22 14:37:53 INFO  TC001_AccountRegistrationTest:15 - ************************starting verify_account_registration******
2024-06-22 14:37:54 INFO  TC001_AccountRegistrationTest:22 - clicked on my account link
2024-06-22 14:37:54 INFO  TC001_AccountRegistrationTest:26 - clciked on register link
2024-06-22 14:37:54 INFO  TC001_AccountRegistrationTest:33 - inputting customer details
2024-06-22 14:37:55 INFO  TC001_AccountRegistrationTest:65 - ************************completed verify_account_registration******
2024-06-22 14:37:59 INFO  TC002_LoginTest:15 - ********starting TC002_ Login test****************
2024-06-22 14:38:00 INFO  TC002_LoginTest:45 - ********finished TC002_ Login test****************
2024-06-22 14:48:17 DEBUG TestNG:82 - suiteXmlPath: "H:\EclipseNewWorkspace\OpencartV121\master.xml"
2024-06-22 14:48:17 WARN  TestNGContentHandler:133 - It is strongly recommended to add "<!DOCTYPE suite SYSTEM "https://testng.org/testng-1.0.dtd" >" at the top of the suite file [H:\EclipseNewWorkspace\OpencartV121\master.xml] otherwise TestNG may fail or not work as expected.
2024-06-22 14:53:19 DEBUG TestNG:82 - suiteXmlPath: "H:\EclipseNewWorkspace\OpencartV121\master.xml"
2024-06-22 14:53:19 WARN  TestNGContentHandler:133 - It is strongly recommended to add "<!DOCTYPE suite SYSTEM "https://testng.org/testng-1.0.dtd" >" at the top of the suite file [H:\EclipseNewWorkspace\OpencartV121\master.xml] otherwise TestNG may fail or not work as expected.
2024-06-22 14:56:47 DEBUG TestNG:82 - suiteXmlPath: "H:\EclipseNewWorkspace\OpencartV121\master.xml"
2024-06-22 14:56:47 WARN  TestNGContentHandler:133 - It is strongly recommended to add "<!DOCTYPE suite SYSTEM "https://testng.org/testng-1.0.dtd" >" at the top of the suite file [H:\EclipseNewWorkspace\OpencartV121\master.xml] otherwise TestNG may fail or not work as expected.
2024-06-22 14:59:11 DEBUG TestNG:82 - suiteXmlPath: "H:\EclipseNewWorkspace\OpencartV121\master.xml"
2024-06-22 14:59:22 INFO  TC001_AccountRegistrationTest:15 - ************************starting verify_account_registration******
2024-06-22 14:59:23 INFO  TC001_AccountRegistrationTest:22 - clicked on my account link
2024-06-22 14:59:24 INFO  TC001_AccountRegistrationTest:26 - clciked on register link
2024-06-22 14:59:24 INFO  TC001_AccountRegistrationTest:33 - inputting customer details
2024-06-22 14:59:25 INFO  TC001_AccountRegistrationTest:65 - ************************completed verify_account_registration******
2024-06-22 14:59:29 INFO  TC002_LoginTest:15 - ********starting TC002_ Login test****************
2024-06-22 14:59:30 INFO  TC002_LoginTest:45 - ********finished TC002_ Login test****************
